-- The C compiler identification is GNU 11.4.0
-- The CXX compiler identification is GNU 11.4.0
-- Detecting C compiler ABI info
-- Detecting C compiler ABI info - done
-- Check for working C compiler: /usr/bin/cc - skipped
-- Detecting C compile features
-- Detecting C compile features - done
-- Detecting CXX compiler ABI info
-- Detecting CXX compiler ABI info - done
-- Check for working CXX compiler: /usr/bin/c++ - skipped
-- Detecting CXX compile features
-- Detecting CXX compile features - done
-- Found ament_cmake: 1.3.11 (/opt/ros/humble/share/ament_cmake/cmake)
-- Found Python3: /usr/bin/python3 (found version "3.10.12") found components: Interpreter 
-- Found rclcpp: 16.0.12 (/opt/ros/humble/share/rclcpp/cmake)
-- Found rosidl_generator_c: 3.1.6 (/opt/ros/humble/share/rosidl_generator_c/cmake)
-- Found rosidl_adapter: 3.1.6 (/opt/ros/humble/share/rosidl_adapter/cmake)
-- Found rosidl_generator_cpp: 3.1.6 (/opt/ros/humble/share/rosidl_generator_cpp/cmake)
-- Using all available rosidl_typesupport_c: rosidl_typesupport_fastrtps_c;rosidl_typesupport_introspection_c
-- Using all available rosidl_typesupport_cpp: rosidl_typesupport_fastrtps_cpp;rosidl_typesupport_introspection_cpp
-- Found rmw_implementation_cmake: 6.1.2 (/opt/ros/humble/share/rmw_implementation_cmake/cmake)
-- Found rmw_cyclonedds_cpp: 1.3.4 (/opt/ros/humble/share/rmw_cyclonedds_cpp/cmake)
-- Using RMW implementation 'rmw_cyclonedds_cpp' as default
-- Looking for pthread.h
-- Looking for pthread.h - found
-- Performing Test CMAKE_HAVE_LIBC_PTHREAD
-- Performing Test CMAKE_HAVE_LIBC_PTHREAD - Success
-- Found Threads: TRUE  
-- Found sensor_msgs: 4.2.3 (/home/simulations/ros2_sims_ws/install/sensor_msgs/share/sensor_msgs/cmake)
-- Found rosidl_default_generators: 1.2.0 (/home/simulations/ros2_sims_ws/install/rosidl_default_generators/share/rosidl_default_generators/cmake)
-- Found action_msgs: 1.2.1 (/home/simulations/ros2_sims_ws/install/action_msgs/share/action_msgs/cmake)
-- Found ament_cmake_ros: 0.10.0 (/opt/ros/humble/share/ament_cmake_ros/cmake)
-- Using all available rosidl_typesupport_c: rosidl_typesupport_fastrtps_c;rosidl_typesupport_introspection_c
-- Using all available rosidl_typesupport_cpp: rosidl_typesupport_fastrtps_cpp;rosidl_typesupport_introspection_cpp
-- Found OpenSSL: /usr/lib/x86_64-linux-gnu/libcrypto.so (found version "3.0.2")  
-- Found FastRTPS: /opt/ros/humble/include  
[33mCMake Warning at /home/simulations/ros2_sims_ws/install/rosidl_generator_rs/share/rosidl_generator_rs/cmake/rosidl_generator_rs_generate_interfaces.cmake:62 (message):
  Rust actions generation is not implemented
Call Stack (most recent call first):
  /opt/ros/humble/share/ament_cmake_core/cmake/core/ament_execute_extensions.cmake:48 (include)
  /opt/ros/humble/share/rosidl_cmake/cmake/rosidl_generate_interfaces.cmake:286 (ament_execute_extensions)
  CMakeLists.txt:17 (rosidl_generate_interfaces)

[0m
-- Found PythonInterp: /usr/bin/python3 (found suitable version "3.10.12", minimum required is "3.6") 
-- Found python_cmake_module: 0.10.0 (/opt/ros/humble/share/python_cmake_module/cmake)
-- Found PythonLibs: /usr/lib/x86_64-linux-gnu/libpython3.10.so (found suitable version "3.10.12", minimum required is "3.5") 
-- Using PYTHON_EXECUTABLE: /usr/bin/python3
-- Using PYTHON_INCLUDE_DIRS: /usr/include/python3.10
-- Using PYTHON_LIBRARIES: /usr/lib/x86_64-linux-gnu/libpython3.10.so
-- Found PythonExtra: .so  
-- Using numpy include directory: /usr/local/lib/python3.10/dist-packages/numpy/_core/include
-- Found ament_lint_auto: 0.12.12 (/opt/ros/humble/share/ament_lint_auto/cmake)
-- Added test 'lint_cmake' to check CMake code style
-- Added test 'xmllint' to check XML markup files
-- Configuring done
-- Generating done
-- Build files have been written to: /home/user/ros2_ws/src/citylab_project/build/custom_interfaces
[  2%] [34m[1mGenerating C code for ROS interfaces[0m
[  5%] [34m[1mGenerating Rust code for ROS interfaces[0m
[  7%] [34m[1mGenerating C++ code for ROS interfaces[0m
[  7%] Built target ament_cmake_python_copy_custom_interfaces
running egg_info
creating custom_interfaces.egg-info
writing custom_interfaces.egg-info/PKG-INFO
writing dependency_links to custom_interfaces.egg-info/dependency_links.txt
writing top-level names to custom_interfaces.egg-info/top_level.txt
writing manifest file 'custom_interfaces.egg-info/SOURCES.txt'
[  7%] Built target custom_interfaces__rs
reading manifest file 'custom_interfaces.egg-info/SOURCES.txt'
writing manifest file 'custom_interfaces.egg-info/SOURCES.txt'
[  7%] Built target ament_cmake_python_build_custom_interfaces_egg
[ 10%] [32mBuilding C object CMakeFiles/custom_interfaces__rosidl_generator_c.dir/rosidl_generator_c/custom_interfaces/srv/detail/get_direction__functions.c.o[0m
[ 12%] [32mBuilding C object CMakeFiles/custom_interfaces__rosidl_generator_c.dir/rosidl_generator_c/custom_interfaces/action/detail/go_to_pose__functions.c.o[0m
[ 12%] Built target custom_interfaces__cpp
[ 15%] [34m[1mGenerating C++ type support dispatch for ROS interfaces[0m
[ 20%] [34m[1mGenerating C++ type support for eProsima Fast-RTPS[0m
[ 20%] [34m[1mGenerating C++ introspection for ROS interfaces[0m
[ 22%] [32m[1mLinking C shared library libcustom_interfaces__rosidl_generator_c.so[0m
[ 22%] Built target custom_interfaces__rosidl_generator_c
[ 25%] [34m[1mGenerating C type support dispatch for ROS interfaces[0m
[ 27%] [34m[1mGenerating C type support for eProsima Fast-RTPS[0m
[ 30%] [34m[1mGenerating C introspection for ROS interfaces[0m
[ 32%] [32mBuilding CXX object CMakeFiles/custom_interfaces__rosidl_typesupport_introspection_cpp.dir/rosidl_typesupport_introspection_cpp/custom_interfaces/srv/detail/get_direction__type_support.cpp.o[0m
[ 35%] [32mBuilding CXX object CMakeFiles/custom_interfaces__rosidl_typesupport_introspection_cpp.dir/rosidl_typesupport_introspection_cpp/custom_interfaces/action/detail/go_to_pose__type_support.cpp.o[0m
[ 37%] [32mBuilding CXX object CMakeFiles/custom_interfaces__rosidl_typesupport_fastrtps_cpp.dir/rosidl_typesupport_fastrtps_cpp/custom_interfaces/srv/detail/dds_fastrtps/get_direction__type_support.cpp.o[0m
[ 40%] [32mBuilding CXX object CMakeFiles/custom_interfaces__rosidl_typesupport_fastrtps_cpp.dir/rosidl_typesupport_fastrtps_cpp/custom_interfaces/action/detail/dds_fastrtps/go_to_pose__type_support.cpp.o[0m
[ 42%] [32mBuilding CXX object CMakeFiles/custom_interfaces__rosidl_typesupport_cpp.dir/rosidl_typesupport_cpp/custom_interfaces/srv/get_direction__type_support.cpp.o[0m
[ 45%] [32mBuilding CXX object CMakeFiles/custom_interfaces__rosidl_typesupport_c.dir/rosidl_typesupport_c/custom_interfaces/srv/get_direction__type_support.cpp.o[0m
[ 47%] [32mBuilding CXX object CMakeFiles/custom_interfaces__rosidl_typesupport_c.dir/rosidl_typesupport_c/custom_interfaces/action/go_to_pose__type_support.cpp.o[0m
[ 50%] [32m[1mLinking CXX shared library libcustom_interfaces__rosidl_typesupport_c.so[0m
[ 52%] [32mBuilding CXX object CMakeFiles/custom_interfaces__rosidl_typesupport_cpp.dir/rosidl_typesupport_cpp/custom_interfaces/action/go_to_pose__type_support.cpp.o[0m
[ 52%] Built target custom_interfaces__rosidl_typesupport_c
[ 55%] [32mBuilding C object CMakeFiles/custom_interfaces__rosidl_typesupport_introspection_c.dir/rosidl_typesupport_introspection_c/custom_interfaces/srv/detail/get_direction__type_support.c.o[0m
[ 57%] [32mBuilding C object CMakeFiles/custom_interfaces__rosidl_typesupport_introspection_c.dir/rosidl_typesupport_introspection_c/custom_interfaces/action/detail/go_to_pose__type_support.c.o[0m
[ 62%] [32mBuilding CXX object CMakeFiles/custom_interfaces__rosidl_typesupport_fastrtps_c.dir/rosidl_typesupport_fastrtps_c/custom_interfaces/action/detail/go_to_pose__type_support_c.cpp.o[0m
[ 62%] [32mBuilding CXX object CMakeFiles/custom_interfaces__rosidl_typesupport_fastrtps_c.dir/rosidl_typesupport_fastrtps_c/custom_interfaces/srv/detail/get_direction__type_support_c.cpp.o[0m
[ 65%] [32m[1mLinking C shared library libcustom_interfaces__rosidl_typesupport_introspection_c.so[0m
[ 65%] Built target custom_interfaces__rosidl_typesupport_introspection_c
[ 67%] [32m[1mLinking CXX shared library libcustom_interfaces__rosidl_typesupport_introspection_cpp.so[0m
[ 70%] [32m[1mLinking CXX shared library libcustom_interfaces__rosidl_typesupport_fastrtps_cpp.so[0m
[ 70%] Built target custom_interfaces__rosidl_typesupport_introspection_cpp
[ 70%] Built target custom_interfaces__rosidl_typesupport_fastrtps_cpp
[ 72%] [32m[1mLinking CXX shared library libcustom_interfaces__rosidl_typesupport_fastrtps_c.so[0m
[ 75%] [32m[1mLinking CXX shared library libcustom_interfaces__rosidl_typesupport_cpp.so[0m
[ 75%] Built target custom_interfaces__rosidl_typesupport_fastrtps_c
[ 75%] Built target custom_interfaces__rosidl_typesupport_cpp
[ 75%] Built target custom_interfaces
[ 77%] [34m[1mGenerating Python code for ROS interfaces[0m
[ 77%] Built target custom_interfaces__py
[ 80%] [32mBuilding C object CMakeFiles/custom_interfaces__rosidl_generator_py.dir/rosidl_generator_py/custom_interfaces/srv/_get_direction_s.c.o[0m
[ 82%] [32mBuilding C object CMakeFiles/custom_interfaces__rosidl_generator_py.dir/rosidl_generator_py/custom_interfaces/action/_go_to_pose_s.c.o[0m
[ 85%] [32m[1mLinking C shared library rosidl_generator_py/custom_interfaces/libcustom_interfaces__rosidl_generator_py.so[0m
[ 85%] Built target custom_interfaces__rosidl_generator_py
[ 87%] [32mBuilding C object CMakeFiles/custom_interfaces__rosidl_typesupport_introspection_c__pyext.dir/rosidl_generator_py/custom_interfaces/_custom_interfaces_s.ep.rosidl_typesupport_introspection_c.c.o[0m
[ 92%] [32mBuilding C object CMakeFiles/custom_interfaces__rosidl_typesupport_c__pyext.dir/rosidl_generator_py/custom_interfaces/_custom_interfaces_s.ep.rosidl_typesupport_c.c.o[0m
[ 92%] [32mBuilding C object CMakeFiles/custom_interfaces__rosidl_typesupport_fastrtps_c__pyext.dir/rosidl_generator_py/custom_interfaces/_custom_interfaces_s.ep.rosidl_typesupport_fastrtps_c.c.o[0m
[ 95%] [32m[1mLinking C shared library rosidl_generator_py/custom_interfaces/custom_interfaces_s__rosidl_typesupport_c.cpython-310-x86_64-linux-gnu.so[0m
[ 97%] [32m[1mLinking C shared library rosidl_generator_py/custom_interfaces/custom_interfaces_s__rosidl_typesupport_fastrtps_c.cpython-310-x86_64-linux-gnu.so[0m
[100%] [32m[1mLinking C shared library rosidl_generator_py/custom_interfaces/custom_interfaces_s__rosidl_typesupport_introspection_c.cpython-310-x86_64-linux-gnu.so[0m
[100%] Built target custom_interfaces__rosidl_typesupport_c__pyext
[100%] Built target custom_interfaces__rosidl_typesupport_fastrtps_c__pyext
[100%] Built target custom_interfaces__rosidl_typesupport_introspection_c__pyext
-- Install configuration: ""
-- Installing: /home/user/ros2_ws/src/citylab_project/install/custom_interfaces/share/ament_index/resource_index/rosidl_interfaces/custom_interfaces
-- Installing: /home/user/ros2_ws/src/citylab_project/install/custom_interfaces/include/custom_interfaces/custom_interfaces
-- Installing: /home/user/ros2_ws/src/citylab_project/install/custom_interfaces/include/custom_interfaces/custom_interfaces/srv
-- Installing: /home/user/ros2_ws/src/citylab_project/install/custom_interfaces/include/custom_interfaces/custom_interfaces/srv/detail
-- Installing: /home/user/ros2_ws/src/citylab_project/install/custom_interfaces/include/custom_interfaces/custom_interfaces/srv/detail/get_direction__functions.h
-- Installing: /home/user/ros2_ws/src/citylab_project/install/custom_interfaces/include/custom_interfaces/custom_interfaces/srv/detail/get_direction__functions.c
-- Installing: /home/user/ros2_ws/src/citylab_project/install/custom_interfaces/include/custom_interfaces/custom_interfaces/srv/detail/get_direction__struct.h
-- Installing: /home/user/ros2_ws/src/citylab_project/install/custom_interfaces/include/custom_interfaces/custom_interfaces/srv/detail/get_direction__type_support.h
-- Installing: /home/user/ros2_ws/src/citylab_project/install/custom_interfaces/include/custom_interfaces/custom_interfaces/srv/get_direction.h
-- Installing: /home/user/ros2_ws/src/citylab_project/install/custom_interfaces/include/custom_interfaces/custom_interfaces/msg
-- Installing: /home/user/ros2_ws/src/citylab_project/install/custom_interfaces/include/custom_interfaces/custom_interfaces/msg/rosidl_generator_c__visibility_control.h
-- Installing: /home/user/ros2_ws/src/citylab_project/install/custom_interfaces/include/custom_interfaces/custom_interfaces/action
-- Installing: /home/user/ros2_ws/src/citylab_project/install/custom_interfaces/include/custom_interfaces/custom_interfaces/action/detail
-- Installing: /home/user/ros2_ws/src/citylab_project/install/custom_interfaces/include/custom_interfaces/custom_interfaces/action/detail/go_to_pose__type_support.h
-- Installing: /home/user/ros2_ws/src/citylab_project/install/custom_interfaces/include/custom_interfaces/custom_interfaces/action/detail/go_to_pose__struct.h
-- Installing: /home/user/ros2_ws/src/citylab_project/install/custom_interfaces/include/custom_interfaces/custom_interfaces/action/detail/go_to_pose__functions.c
-- Installing: /home/user/ros2_ws/src/citylab_project/install/custom_interfaces/include/custom_interfaces/custom_interfaces/action/detail/go_to_pose__functions.h
-- Installing: /home/user/ros2_ws/src/citylab_project/install/custom_interfaces/include/custom_interfaces/custom_interfaces/action/go_to_pose.h
-- Installing: /home/user/ros2_ws/src/citylab_project/install/custom_interfaces/share/custom_interfaces/environment/library_path.sh
-- Installing: /home/user/ros2_ws/src/citylab_project/install/custom_interfaces/share/custom_interfaces/environment/library_path.dsv
-- Installing: /home/user/ros2_ws/src/citylab_project/install/custom_interfaces/lib/libcustom_interfaces__rosidl_generator_c.so
-- Set runtime path of "/home/user/ros2_ws/src/citylab_project/install/custom_interfaces/lib/libcustom_interfaces__rosidl_generator_c.so" to ""
-- Up-to-date: /home/user/ros2_ws/src/citylab_project/install/custom_interfaces/include/custom_interfaces/custom_interfaces
-- Up-to-date: /home/user/ros2_ws/src/citylab_project/install/custom_interfaces/include/custom_interfaces/custom_interfaces/srv
-- Up-to-date: /home/user/ros2_ws/src/citylab_project/install/custom_interfaces/include/custom_interfaces/custom_interfaces/srv/detail
-- Installing: /home/user/ros2_ws/src/citylab_project/install/custom_interfaces/include/custom_interfaces/custom_interfaces/srv/detail/get_direction__rosidl_typesupport_fastrtps_c.h
-- Up-to-date: /home/user/ros2_ws/src/citylab_project/install/custom_interfaces/include/custom_interfaces/custom_interfaces/msg
-- Installing: /home/user/ros2_ws/src/citylab_project/install/custom_interfaces/include/custom_interfaces/custom_interfaces/msg/rosidl_typesupport_fastrtps_c__visibility_control.h
-- Up-to-date: /home/user/ros2_ws/src/citylab_project/install/custom_interfaces/include/custom_interfaces/custom_interfaces/action
-- Up-to-date: /home/user/ros2_ws/src/citylab_project/install/custom_interfaces/include/custom_interfaces/custom_interfaces/action/detail
-- Installing: /home/user/ros2_ws/src/citylab_project/install/custom_interfaces/include/custom_interfaces/custom_interfaces/action/detail/go_to_pose__rosidl_typesupport_fastrtps_c.h
-- Installing: /home/user/ros2_ws/src/citylab_project/install/custom_interfaces/lib/libcustom_interfaces__rosidl_typesupport_fastrtps_c.so
-- Set runtime path of "/home/user/ros2_ws/src/citylab_project/install/custom_interfaces/lib/libcustom_interfaces__rosidl_typesupport_fastrtps_c.so" to ""
-- Up-to-date: /home/user/ros2_ws/src/citylab_project/install/custom_interfaces/include/custom_interfaces/custom_interfaces
-- Up-to-date: /home/user/ros2_ws/src/citylab_project/install/custom_interfaces/include/custom_interfaces/custom_interfaces/srv
-- Up-to-date: /home/user/ros2_ws/src/citylab_project/install/custom_interfaces/include/custom_interfaces/custom_interfaces/srv/detail
-- Installing: /home/user/ros2_ws/src/citylab_project/install/custom_interfaces/include/custom_interfaces/custom_interfaces/srv/detail/get_direction__traits.hpp
-- Installing: /home/user/ros2_ws/src/citylab_project/install/custom_interfaces/include/custom_interfaces/custom_interfaces/srv/detail/get_direction__builder.hpp
-- Installing: /home/user/ros2_ws/src/citylab_project/install/custom_interfaces/include/custom_interfaces/custom_interfaces/srv/detail/get_direction__struct.hpp
-- Installing: /home/user/ros2_ws/src/citylab_project/install/custom_interfaces/include/custom_interfaces/custom_interfaces/srv/detail/get_direction__type_support.hpp
-- Installing: /home/user/ros2_ws/src/citylab_project/install/custom_interfaces/include/custom_interfaces/custom_interfaces/srv/get_direction.hpp
-- Up-to-date: /home/user/ros2_ws/src/citylab_project/install/custom_interfaces/include/custom_interfaces/custom_interfaces/msg
-- Installing: /home/user/ros2_ws/src/citylab_project/install/custom_interfaces/include/custom_interfaces/custom_interfaces/msg/rosidl_generator_cpp__visibility_control.hpp
-- Up-to-date: /home/user/ros2_ws/src/citylab_project/install/custom_interfaces/include/custom_interfaces/custom_interfaces/action
-- Up-to-date: /home/user/ros2_ws/src/citylab_project/install/custom_interfaces/include/custom_interfaces/custom_interfaces/action/detail
-- Installing: /home/user/ros2_ws/src/citylab_project/install/custom_interfaces/include/custom_interfaces/custom_interfaces/action/detail/go_to_pose__traits.hpp
-- Installing: /home/user/ros2_ws/src/citylab_project/install/custom_interfaces/include/custom_interfaces/custom_interfaces/action/detail/go_to_pose__builder.hpp
-- Installing: /home/user/ros2_ws/src/citylab_project/install/custom_interfaces/include/custom_interfaces/custom_interfaces/action/detail/go_to_pose__type_support.hpp
-- Installing: /home/user/ros2_ws/src/citylab_project/install/custom_interfaces/include/custom_interfaces/custom_interfaces/action/detail/go_to_pose__struct.hpp
-- Installing: /home/user/ros2_ws/src/citylab_project/install/custom_interfaces/include/custom_interfaces/custom_interfaces/action/go_to_pose.hpp
-- Up-to-date: /home/user/ros2_ws/src/citylab_project/install/custom_interfaces/include/custom_interfaces/custom_interfaces
-- Up-to-date: /home/user/ros2_ws/src/citylab_project/install/custom_interfaces/include/custom_interfaces/custom_interfaces/srv
-- Up-to-date: /home/user/ros2_ws/src/citylab_project/install/custom_interfaces/include/custom_interfaces/custom_interfaces/srv/detail
-- Installing: /home/user/ros2_ws/src/citylab_project/install/custom_interfaces/include/custom_interfaces/custom_interfaces/srv/detail/get_direction__rosidl_typesupport_fastrtps_cpp.hpp
-- Installing: /home/user/ros2_ws/src/citylab_project/install/custom_interfaces/include/custom_interfaces/custom_interfaces/srv/detail/dds_fastrtps
-- Up-to-date: /home/user/ros2_ws/src/citylab_project/install/custom_interfaces/include/custom_interfaces/custom_interfaces/msg
-- Installing: /home/user/ros2_ws/src/citylab_project/install/custom_interfaces/include/custom_interfaces/custom_interfaces/msg/rosidl_typesupport_fastrtps_cpp__visibility_control.h
-- Up-to-date: /home/user/ros2_ws/src/citylab_project/install/custom_interfaces/include/custom_interfaces/custom_interfaces/action
-- Up-to-date: /home/user/ros2_ws/src/citylab_project/install/custom_interfaces/include/custom_interfaces/custom_interfaces/action/detail
-- Installing: /home/user/ros2_ws/src/citylab_project/install/custom_interfaces/include/custom_interfaces/custom_interfaces/action/detail/go_to_pose__rosidl_typesupport_fastrtps_cpp.hpp
-- Installing: /home/user/ros2_ws/src/citylab_project/install/custom_interfaces/include/custom_interfaces/custom_interfaces/action/detail/dds_fastrtps
-- Installing: /home/user/ros2_ws/src/citylab_project/install/custom_interfaces/lib/libcustom_interfaces__rosidl_typesupport_fastrtps_cpp.so
-- Set runtime path of "/home/user/ros2_ws/src/citylab_project/install/custom_interfaces/lib/libcustom_interfaces__rosidl_typesupport_fastrtps_cpp.so" to ""
-- Up-to-date: /home/user/ros2_ws/src/citylab_project/install/custom_interfaces/include/custom_interfaces/custom_interfaces
-- Up-to-date: /home/user/ros2_ws/src/citylab_project/install/custom_interfaces/include/custom_interfaces/custom_interfaces/srv
-- Up-to-date: /home/user/ros2_ws/src/citylab_project/install/custom_interfaces/include/custom_interfaces/custom_interfaces/srv/detail
-- Installing: /home/user/ros2_ws/src/citylab_project/install/custom_interfaces/include/custom_interfaces/custom_interfaces/srv/detail/get_direction__type_support.c
-- Installing: /home/user/ros2_ws/src/citylab_project/install/custom_interfaces/include/custom_interfaces/custom_interfaces/srv/detail/get_direction__rosidl_typesupport_introspection_c.h
-- Up-to-date: /home/user/ros2_ws/src/citylab_project/install/custom_interfaces/include/custom_interfaces/custom_interfaces/msg
-- Installing: /home/user/ros2_ws/src/citylab_project/install/custom_interfaces/include/custom_interfaces/custom_interfaces/msg/rosidl_typesupport_introspection_c__visibility_control.h
-- Up-to-date: /home/user/ros2_ws/src/citylab_project/install/custom_interfaces/include/custom_interfaces/custom_interfaces/action
-- Up-to-date: /home/user/ros2_ws/src/citylab_project/install/custom_interfaces/include/custom_interfaces/custom_interfaces/action/detail
-- Installing: /home/user/ros2_ws/src/citylab_project/install/custom_interfaces/include/custom_interfaces/custom_interfaces/action/detail/go_to_pose__type_support.c
-- Installing: /home/user/ros2_ws/src/citylab_project/install/custom_interfaces/include/custom_interfaces/custom_interfaces/action/detail/go_to_pose__rosidl_typesupport_introspection_c.h
-- Installing: /home/user/ros2_ws/src/citylab_project/install/custom_interfaces/lib/libcustom_interfaces__rosidl_typesupport_introspection_c.so
-- Set runtime path of "/home/user/ros2_ws/src/citylab_project/install/custom_interfaces/lib/libcustom_interfaces__rosidl_typesupport_introspection_c.so" to ""
-- Installing: /home/user/ros2_ws/src/citylab_project/install/custom_interfaces/lib/libcustom_interfaces__rosidl_typesupport_c.so
-- Set runtime path of "/home/user/ros2_ws/src/citylab_project/install/custom_interfaces/lib/libcustom_interfaces__rosidl_typesupport_c.so" to ""
-- Up-to-date: /home/user/ros2_ws/src/citylab_project/install/custom_interfaces/include/custom_interfaces/custom_interfaces
-- Up-to-date: /home/user/ros2_ws/src/citylab_project/install/custom_interfaces/include/custom_interfaces/custom_interfaces/srv
-- Up-to-date: /home/user/ros2_ws/src/citylab_project/install/custom_interfaces/include/custom_interfaces/custom_interfaces/srv/detail
-- Installing: /home/user/ros2_ws/src/citylab_project/install/custom_interfaces/include/custom_interfaces/custom_interfaces/srv/detail/get_direction__type_support.cpp
-- Installing: /home/user/ros2_ws/src/citylab_project/install/custom_interfaces/include/custom_interfaces/custom_interfaces/srv/detail/get_direction__rosidl_typesupport_introspection_cpp.hpp
-- Up-to-date: /home/user/ros2_ws/src/citylab_project/install/custom_interfaces/include/custom_interfaces/custom_interfaces/action
-- Up-to-date: /home/user/ros2_ws/src/citylab_project/install/custom_interfaces/include/custom_interfaces/custom_interfaces/action/detail
-- Installing: /home/user/ros2_ws/src/citylab_project/install/custom_interfaces/include/custom_interfaces/custom_interfaces/action/detail/go_to_pose__rosidl_typesupport_introspection_cpp.hpp
-- Installing: /home/user/ros2_ws/src/citylab_project/install/custom_interfaces/include/custom_interfaces/custom_interfaces/action/detail/go_to_pose__type_support.cpp
-- Installing: /home/user/ros2_ws/src/citylab_project/install/custom_interfaces/lib/libcustom_interfaces__rosidl_typesupport_introspection_cpp.so
-- Set runtime path of "/home/user/ros2_ws/src/citylab_project/install/custom_interfaces/lib/libcustom_interfaces__rosidl_typesupport_introspection_cpp.so" to ""
-- Installing: /home/user/ros2_ws/src/citylab_project/install/custom_interfaces/lib/libcustom_interfaces__rosidl_typesupport_cpp.so
-- Set runtime path of "/home/user/ros2_ws/src/citylab_project/install/custom_interfaces/lib/libcustom_interfaces__rosidl_typesupport_cpp.so" to ""
-- Installing: /home/user/ros2_ws/src/citylab_project/install/custom_interfaces/share/ament_index/resource_index/rust_packages/custom_interfaces
-- Installing: /home/user/ros2_ws/src/citylab_project/install/custom_interfaces/share/custom_interfaces/rust
-- Installing: /home/user/ros2_ws/src/citylab_project/install/custom_interfaces/share/custom_interfaces/rust/Cargo.toml
-- Installing: /home/user/ros2_ws/src/citylab_project/install/custom_interfaces/share/custom_interfaces/rust/src
-- Installing: /home/user/ros2_ws/src/citylab_project/install/custom_interfaces/share/custom_interfaces/rust/src/srv.rs
-- Installing: /home/user/ros2_ws/src/citylab_project/install/custom_interfaces/share/custom_interfaces/rust/src/lib.rs
-- Installing: /home/user/ros2_ws/src/citylab_project/install/custom_interfaces/share/custom_interfaces/rust/build.rs
-- Up-to-date: /home/user/ros2_ws/src/citylab_project/install/custom_interfaces/share/custom_interfaces/rust
-- Up-to-date: /home/user/ros2_ws/src/citylab_project/install/custom_interfaces/share/custom_interfaces/rust/Cargo.toml
-- Up-to-date: /home/user/ros2_ws/src/citylab_project/install/custom_interfaces/share/custom_interfaces/rust/src
-- Up-to-date: /home/user/ros2_ws/src/citylab_project/install/custom_interfaces/share/custom_interfaces/rust/src/srv.rs
-- Up-to-date: /home/user/ros2_ws/src/citylab_project/install/custom_interfaces/share/custom_interfaces/rust/src/lib.rs
-- Up-to-date: /home/user/ros2_ws/src/citylab_project/install/custom_interfaces/share/custom_interfaces/rust/build.rs
-- Up-to-date: /home/user/ros2_ws/src/citylab_project/install/custom_interfaces/share/custom_interfaces/rust
-- Up-to-date: /home/user/ros2_ws/src/citylab_project/install/custom_interfaces/share/custom_interfaces/rust/Cargo.toml
-- Up-to-date: /home/user/ros2_ws/src/citylab_project/install/custom_interfaces/share/custom_interfaces/rust/src
-- Up-to-date: /home/user/ros2_ws/src/citylab_project/install/custom_interfaces/share/custom_interfaces/rust/src/srv.rs
-- Up-to-date: /home/user/ros2_ws/src/citylab_project/install/custom_interfaces/share/custom_interfaces/rust/src/lib.rs
-- Up-to-date: /home/user/ros2_ws/src/citylab_project/install/custom_interfaces/share/custom_interfaces/rust/build.rs
-- Installing: /home/user/ros2_ws/src/citylab_project/install/custom_interfaces/share/custom_interfaces/environment/pythonpath.sh
-- Installing: /home/user/ros2_ws/src/citylab_project/install/custom_interfaces/share/custom_interfaces/environment/pythonpath.dsv
-- Installing: /home/user/ros2_ws/src/citylab_project/install/custom_interfaces/local/lib/python3.10/dist-packages/custom_interfaces-0.0.0-py3.10.egg-info
-- Installing: /home/user/ros2_ws/src/citylab_project/install/custom_interfaces/local/lib/python3.10/dist-packages/custom_interfaces-0.0.0-py3.10.egg-info/PKG-INFO
-- Installing: /home/user/ros2_ws/src/citylab_project/install/custom_interfaces/local/lib/python3.10/dist-packages/custom_interfaces-0.0.0-py3.10.egg-info/top_level.txt
-- Installing: /home/user/ros2_ws/src/citylab_project/install/custom_interfaces/local/lib/python3.10/dist-packages/custom_interfaces-0.0.0-py3.10.egg-info/SOURCES.txt
-- Installing: /home/user/ros2_ws/src/citylab_project/install/custom_interfaces/local/lib/python3.10/dist-packages/custom_interfaces-0.0.0-py3.10.egg-info/dependency_links.txt
-- Installing: /home/user/ros2_ws/src/citylab_project/install/custom_interfaces/local/lib/python3.10/dist-packages/custom_interfaces
-- Installing: /home/user/ros2_ws/src/citylab_project/install/custom_interfaces/local/lib/python3.10/dist-packages/custom_interfaces/srv
-- Installing: /home/user/ros2_ws/src/citylab_project/install/custom_interfaces/local/lib/python3.10/dist-packages/custom_interfaces/srv/_get_direction.py
-- Installing: /home/user/ros2_ws/src/citylab_project/install/custom_interfaces/local/lib/python3.10/dist-packages/custom_interfaces/srv/__init__.py
-- Installing: /home/user/ros2_ws/src/citylab_project/install/custom_interfaces/local/lib/python3.10/dist-packages/custom_interfaces/srv/_get_direction_s.c
-- Installing: /home/user/ros2_ws/src/citylab_project/install/custom_interfaces/local/lib/python3.10/dist-packages/custom_interfaces/custom_interfaces_s__rosidl_typesupport_introspection_c.cpython-310-x86_64-linux-gnu.so
-- Installing: /home/user/ros2_ws/src/citylab_project/install/custom_interfaces/local/lib/python3.10/dist-packages/custom_interfaces/_custom_interfaces_s.ep.rosidl_typesupport_introspection_c.c
-- Installing: /home/user/ros2_ws/src/citylab_project/install/custom_interfaces/local/lib/python3.10/dist-packages/custom_interfaces/libcustom_interfaces__rosidl_generator_py.so
-- Installing: /home/user/ros2_ws/src/citylab_project/install/custom_interfaces/local/lib/python3.10/dist-packages/custom_interfaces/_custom_interfaces_s.ep.rosidl_typesupport_c.c
-- Installing: /home/user/ros2_ws/src/citylab_project/install/custom_interfaces/local/lib/python3.10/dist-packages/custom_interfaces/__init__.py
-- Installing: /home/user/ros2_ws/src/citylab_project/install/custom_interfaces/local/lib/python3.10/dist-packages/custom_interfaces/custom_interfaces_s__rosidl_typesupport_c.cpython-310-x86_64-linux-gnu.so
-- Installing: /home/user/ros2_ws/src/citylab_project/install/custom_interfaces/local/lib/python3.10/dist-packages/custom_interfaces/_custom_interfaces_s.ep.rosidl_typesupport_fastrtps_c.c
-- Installing: /home/user/ros2_ws/src/citylab_project/install/custom_interfaces/local/lib/python3.10/dist-packages/custom_interfaces/custom_interfaces_s__rosidl_typesupport_fastrtps_c.cpython-310-x86_64-linux-gnu.so
-- Installing: /home/user/ros2_ws/src/citylab_project/install/custom_interfaces/local/lib/python3.10/dist-packages/custom_interfaces/action
-- Installing: /home/user/ros2_ws/src/citylab_project/install/custom_interfaces/local/lib/python3.10/dist-packages/custom_interfaces/action/_go_to_pose_s.c
-- Installing: /home/user/ros2_ws/src/citylab_project/install/custom_interfaces/local/lib/python3.10/dist-packages/custom_interfaces/action/__init__.py
-- Installing: /home/user/ros2_ws/src/citylab_project/install/custom_interfaces/local/lib/python3.10/dist-packages/custom_interfaces/action/_go_to_pose.py
Listing '/home/user/ros2_ws/src/citylab_project/install/custom_interfaces/local/lib/python3.10/dist-packages/custom_interfaces'...
Compiling '/home/user/ros2_ws/src/citylab_project/install/custom_interfaces/local/lib/python3.10/dist-packages/custom_interfaces/__init__.py'...
Listing '/home/user/ros2_ws/src/citylab_project/install/custom_interfaces/local/lib/python3.10/dist-packages/custom_interfaces/action'...
Compiling '/home/user/ros2_ws/src/citylab_project/install/custom_interfaces/local/lib/python3.10/dist-packages/custom_interfaces/action/__init__.py'...
Compiling '/home/user/ros2_ws/src/citylab_project/install/custom_interfaces/local/lib/python3.10/dist-packages/custom_interfaces/action/_go_to_pose.py'...
Listing '/home/user/ros2_ws/src/citylab_project/install/custom_interfaces/local/lib/python3.10/dist-packages/custom_interfaces/srv'...
Compiling '/home/user/ros2_ws/src/citylab_project/install/custom_interfaces/local/lib/python3.10/dist-packages/custom_interfaces/srv/__init__.py'...
Compiling '/home/user/ros2_ws/src/citylab_project/install/custom_interfaces/local/lib/python3.10/dist-packages/custom_interfaces/srv/_get_direction.py'...
-- Installing: /home/user/ros2_ws/src/citylab_project/install/custom_interfaces/local/lib/python3.10/dist-packages/custom_interfaces/custom_interfaces_s__rosidl_typesupport_fastrtps_c.cpython-310-x86_64-linux-gnu.so
-- Set runtime path of "/home/user/ros2_ws/src/citylab_project/install/custom_interfaces/local/lib/python3.10/dist-packages/custom_interfaces/custom_interfaces_s__rosidl_typesupport_fastrtps_c.cpython-310-x86_64-linux-gnu.so" to ""
-- Installing: /home/user/ros2_ws/src/citylab_project/install/custom_interfaces/local/lib/python3.10/dist-packages/custom_interfaces/custom_interfaces_s__rosidl_typesupport_introspection_c.cpython-310-x86_64-linux-gnu.so
-- Set runtime path of "/home/user/ros2_ws/src/citylab_project/install/custom_interfaces/local/lib/python3.10/dist-packages/custom_interfaces/custom_interfaces_s__rosidl_typesupport_introspection_c.cpython-310-x86_64-linux-gnu.so" to ""
-- Installing: /home/user/ros2_ws/src/citylab_project/install/custom_interfaces/local/lib/python3.10/dist-packages/custom_interfaces/custom_interfaces_s__rosidl_typesupport_c.cpython-310-x86_64-linux-gnu.so
-- Set runtime path of "/home/user/ros2_ws/src/citylab_project/install/custom_interfaces/local/lib/python3.10/dist-packages/custom_interfaces/custom_interfaces_s__rosidl_typesupport_c.cpython-310-x86_64-linux-gnu.so" to ""
-- Installing: /home/user/ros2_ws/src/citylab_project/install/custom_interfaces/lib/libcustom_interfaces__rosidl_generator_py.so
-- Set runtime path of "/home/user/ros2_ws/src/citylab_project/install/custom_interfaces/lib/libcustom_interfaces__rosidl_generator_py.so" to ""
-- Installing: /home/user/ros2_ws/src/citylab_project/install/custom_interfaces/share/custom_interfaces/srv/GetDirection.idl
-- Installing: /home/user/ros2_ws/src/citylab_project/install/custom_interfaces/share/custom_interfaces/action/GoToPose.idl
-- Installing: /home/user/ros2_ws/src/citylab_project/install/custom_interfaces/share/custom_interfaces/srv/GetDirection.srv
-- Installing: /home/user/ros2_ws/src/citylab_project/install/custom_interfaces/share/custom_interfaces/srv/GetDirection_Request.msg
-- Installing: /home/user/ros2_ws/src/citylab_project/install/custom_interfaces/share/custom_interfaces/srv/GetDirection_Response.msg
-- Installing: /home/user/ros2_ws/src/citylab_project/install/custom_interfaces/share/custom_interfaces/action/GoToPose.action
-- Installing: /home/user/ros2_ws/src/citylab_project/install/custom_interfaces/share/ament_index/resource_index/package_run_dependencies/custom_interfaces
-- Installing: /home/user/ros2_ws/src/citylab_project/install/custom_interfaces/share/ament_index/resource_index/parent_prefix_path/custom_interfaces
-- Installing: /home/user/ros2_ws/src/citylab_project/install/custom_interfaces/share/custom_interfaces/environment/ament_prefix_path.sh
-- Installing: /home/user/ros2_ws/src/citylab_project/install/custom_interfaces/share/custom_interfaces/environment/ament_prefix_path.dsv
-- Installing: /home/user/ros2_ws/src/citylab_project/install/custom_interfaces/share/custom_interfaces/environment/path.sh
-- Installing: /home/user/ros2_ws/src/citylab_project/install/custom_interfaces/share/custom_interfaces/environment/path.dsv
-- Installing: /home/user/ros2_ws/src/citylab_project/install/custom_interfaces/share/custom_interfaces/local_setup.bash
-- Installing: /home/user/ros2_ws/src/citylab_project/install/custom_interfaces/share/custom_interfaces/local_setup.sh
-- Installing: /home/user/ros2_ws/src/citylab_project/install/custom_interfaces/share/custom_interfaces/local_setup.zsh
-- Installing: /home/user/ros2_ws/src/citylab_project/install/custom_interfaces/share/custom_interfaces/local_setup.dsv
-- Installing: /home/user/ros2_ws/src/citylab_project/install/custom_interfaces/share/custom_interfaces/package.dsv
-- Installing: /home/user/ros2_ws/src/citylab_project/install/custom_interfaces/share/ament_index/resource_index/packages/custom_interfaces
-- Installing: /home/user/ros2_ws/src/citylab_project/install/custom_interfaces/share/custom_interfaces/cmake/export_custom_interfaces__rosidl_generator_cExport.cmake
-- Installing: /home/user/ros2_ws/src/citylab_project/install/custom_interfaces/share/custom_interfaces/cmake/export_custom_interfaces__rosidl_generator_cExport-noconfig.cmake
-- Installing: /home/user/ros2_ws/src/citylab_project/install/custom_interfaces/share/custom_interfaces/cmake/export_custom_interfaces__rosidl_typesupport_fastrtps_cExport.cmake
-- Installing: /home/user/ros2_ws/src/citylab_project/install/custom_interfaces/share/custom_interfaces/cmake/export_custom_interfaces__rosidl_typesupport_fastrtps_cExport-noconfig.cmake
-- Installing: /home/user/ros2_ws/src/citylab_project/install/custom_interfaces/share/custom_interfaces/cmake/export_custom_interfaces__rosidl_generator_cppExport.cmake
-- Installing: /home/user/ros2_ws/src/citylab_project/install/custom_interfaces/share/custom_interfaces/cmake/export_custom_interfaces__rosidl_typesupport_fastrtps_cppExport.cmake
-- Installing: /home/user/ros2_ws/src/citylab_project/install/custom_interfaces/share/custom_interfaces/cmake/export_custom_interfaces__rosidl_typesupport_fastrtps_cppExport-noconfig.cmake
-- Installing: /home/user/ros2_ws/src/citylab_project/install/custom_interfaces/share/custom_interfaces/cmake/custom_interfaces__rosidl_typesupport_introspection_cExport.cmake
-- Installing: /home/user/ros2_ws/src/citylab_project/install/custom_interfaces/share/custom_interfaces/cmake/custom_interfaces__rosidl_typesupport_introspection_cExport-noconfig.cmake
-- Installing: /home/user/ros2_ws/src/citylab_project/install/custom_interfaces/share/custom_interfaces/cmake/custom_interfaces__rosidl_typesupport_cExport.cmake
-- Installing: /home/user/ros2_ws/src/citylab_project/install/custom_interfaces/share/custom_interfaces/cmake/custom_interfaces__rosidl_typesupport_cExport-noconfig.cmake
-- Installing: /home/user/ros2_ws/src/citylab_project/install/custom_interfaces/share/custom_interfaces/cmake/custom_interfaces__rosidl_typesupport_introspection_cppExport.cmake
-- Installing: /home/user/ros2_ws/src/citylab_project/install/custom_interfaces/share/custom_interfaces/cmake/custom_interfaces__rosidl_typesupport_introspection_cppExport-noconfig.cmake
-- Installing: /home/user/ros2_ws/src/citylab_project/install/custom_interfaces/share/custom_interfaces/cmake/custom_interfaces__rosidl_typesupport_cppExport.cmake
-- Installing: /home/user/ros2_ws/src/citylab_project/install/custom_interfaces/share/custom_interfaces/cmake/custom_interfaces__rosidl_typesupport_cppExport-noconfig.cmake
-- Installing: /home/user/ros2_ws/src/citylab_project/install/custom_interfaces/share/custom_interfaces/cmake/export_custom_interfaces__rosidl_generator_pyExport.cmake
-- Installing: /home/user/ros2_ws/src/citylab_project/install/custom_interfaces/share/custom_interfaces/cmake/export_custom_interfaces__rosidl_generator_pyExport-noconfig.cmake
-- Installing: /home/user/ros2_ws/src/citylab_project/install/custom_interfaces/share/custom_interfaces/cmake/rosidl_cmake-extras.cmake
-- Installing: /home/user/ros2_ws/src/citylab_project/install/custom_interfaces/share/custom_interfaces/cmake/ament_cmake_export_dependencies-extras.cmake
-- Installing: /home/user/ros2_ws/src/citylab_project/install/custom_interfaces/share/custom_interfaces/cmake/ament_cmake_export_include_directories-extras.cmake
-- Installing: /home/user/ros2_ws/src/citylab_project/install/custom_interfaces/share/custom_interfaces/cmake/ament_cmake_export_libraries-extras.cmake
-- Installing: /home/user/ros2_ws/src/citylab_project/install/custom_interfaces/share/custom_interfaces/cmake/ament_cmake_export_targets-extras.cmake
-- Installing: /home/user/ros2_ws/src/citylab_project/install/custom_interfaces/share/custom_interfaces/cmake/rosidl_cmake_export_typesupport_targets-extras.cmake
-- Installing: /home/user/ros2_ws/src/citylab_project/install/custom_interfaces/share/custom_interfaces/cmake/rosidl_cmake_export_typesupport_libraries-extras.cmake
-- Installing: /home/user/ros2_ws/src/citylab_project/install/custom_interfaces/share/custom_interfaces/cmake/custom_interfacesConfig.cmake
-- Installing: /home/user/ros2_ws/src/citylab_project/install/custom_interfaces/share/custom_interfaces/cmake/custom_interfacesConfig-version.cmake
-- Installing: /home/user/ros2_ws/src/citylab_project/install/custom_interfaces/share/custom_interfaces/package.xml
