[0.085s] Invoking command in '/home/user/ros2_ws/src/citylab_project/build/robot_patrol': CMAKE_PREFIX_PATH=/opt/ros/humble: _=/usr/bin/env /usr/bin/cmake --build /home/user/ros2_ws/src/citylab_project/build/robot_patrol -- -j8 -l8
[6.114s] -- Found ament_cmake: 1.3.11 (/opt/ros/humble/share/ament_cmake/cmake)
[7.000s] Traceback (most recent call last):
[7.000s]   File "/opt/ros/humble/share/ament_cmake_core/cmake/package_templates/templates_2_cmake.py", line 21, in <module>
[7.000s]     from ament_package.templates import get_environment_hook_template_path
[7.000s] ModuleNotFoundError: No module named 'ament_package'
[7.002s] [31mCMake Error at /opt/ros/humble/share/ament_cmake_core/cmake/ament_cmake_package_templates-extras.cmake:41 (message):
[7.002s]   execute_process(/usr/bin/python3
[7.002s]   /opt/ros/humble/share/ament_cmake_core/cmake/package_templates/templates_2_cmake.py
[7.003s]   /home/user/ros2_ws/src/citylab_project/build/robot_patrol/ament_cmake_package_templates/templates.cmake)
[7.003s]   returned error code 1
[7.003s] Call Stack (most recent call first):
[7.003s]   /opt/ros/humble/share/ament_cmake_core/cmake/ament_cmake_coreConfig.cmake:41 (include)
[7.003s]   /opt/ros/humble/share/ament_cmake/cmake/ament_cmake_export_dependencies-extras.cmake:15 (find_package)
[7.003s]   /opt/ros/humble/share/ament_cmake/cmake/ament_cmakeConfig.cmake:41 (include)
[7.003s]   CMakeLists.txt:9 (find_package)
[7.003s] 
[7.003s] [0m
[7.003s] -- Configuring incomplete, errors occurred!
[7.004s] See also "/home/user/ros2_ws/src/citylab_project/build/robot_patrol/CMakeFiles/CMakeOutput.log".
[7.130s] gmake: *** [Makefile:267: cmake_check_build_system] Error 1
[7.132s] Invoked command in '/home/user/ros2_ws/src/citylab_project/build/robot_patrol' returned '2': CMAKE_PREFIX_PATH=/opt/ros/humble: _=/usr/bin/env /usr/bin/cmake --build /home/user/ros2_ws/src/citylab_project/build/robot_patrol -- -j8 -l8
