[0.016s] Invoking command in '/home/user/ros2_ws/src/citylab_project/build/robot_patrol': CMAKE_PREFIX_PATH=${CMAKE_PREFIX_PATH}:/home/simulations/ros2_sims_ws/install/rclrs_tests:/home/simulations/ros2_sims_ws/install/examples_rclrs_minimal_client_service:/home/simulations/ros2_sims_ws/install/sensor_msgs_py:/home/simulations/ros2_sims_ws/install/examples_rclrs_minimal_pub_sub:/home/simulations/ros2_sims_ws/install/examples_rclrs_message_demo:/home/simulations/ros2_sims_ws/install/rclrs:/home/simulations/ros2_sims_ws/install/rosidl_runtime_rs:/opt/ros/humble:/home/simulations/ros2_sims_ws/install/robot_description _=/usr/bin/env /usr/bin/cmake --build /home/user/ros2_ws/src/citylab_project/build/robot_patrol -- -j8 -l8
[0.077s] [35m[1mConsolidate compiler generated dependencies of target robot_patrol[0m
[0.100s] [100%] Built target robot_patrol
[0.113s] Invoked command in '/home/user/ros2_ws/src/citylab_project/build/robot_patrol' returned '0': CMAKE_PREFIX_PATH=${CMAKE_PREFIX_PATH}:/home/simulations/ros2_sims_ws/install/rclrs_tests:/home/simulations/ros2_sims_ws/install/examples_rclrs_minimal_client_service:/home/simulations/ros2_sims_ws/install/sensor_msgs_py:/home/simulations/ros2_sims_ws/install/examples_rclrs_minimal_pub_sub:/home/simulations/ros2_sims_ws/install/examples_rclrs_message_demo:/home/simulations/ros2_sims_ws/install/rclrs:/home/simulations/ros2_sims_ws/install/rosidl_runtime_rs:/opt/ros/humble:/home/simulations/ros2_sims_ws/install/robot_description _=/usr/bin/env /usr/bin/cmake --build /home/user/ros2_ws/src/citylab_project/build/robot_patrol -- -j8 -l8
[0.125s] Invoking command in '/home/user/ros2_ws/src/citylab_project/build/robot_patrol': CMAKE_PREFIX_PATH=${CMAKE_PREFIX_PATH}:/home/simulations/ros2_sims_ws/install/rclrs_tests:/home/simulations/ros2_sims_ws/install/examples_rclrs_minimal_client_service:/home/simulations/ros2_sims_ws/install/sensor_msgs_py:/home/simulations/ros2_sims_ws/install/examples_rclrs_minimal_pub_sub:/home/simulations/ros2_sims_ws/install/examples_rclrs_message_demo:/home/simulations/ros2_sims_ws/install/rclrs:/home/simulations/ros2_sims_ws/install/rosidl_runtime_rs:/opt/ros/humble:/home/simulations/ros2_sims_ws/install/robot_description _=/usr/bin/env /usr/bin/cmake --install /home/user/ros2_ws/src/citylab_project/build/robot_patrol
[0.134s] -- Install configuration: ""
[0.134s] -- Up-to-date: /home/user/ros2_ws/src/citylab_project/install/robot_patrol/lib/robot_patrol/robot_patrol
[0.135s] -- Up-to-date: /home/user/ros2_ws/src/citylab_project/install/robot_patrol/share/robot_patrol//launch
[0.135s] -- Installing: /home/user/ros2_ws/src/citylab_project/install/robot_patrol/share/robot_patrol//launch/main.launch.py
[0.135s] -- Installing: /home/user/ros2_ws/src/citylab_project/install/robot_patrol/share/robot_patrol//launch/start_direction_service.launch.py
[0.135s] -- Installing: /home/user/ros2_ws/src/citylab_project/install/robot_patrol/share/robot_patrol//launch/start_gotopose_action.launch.py
[0.135s] -- Installing: /home/user/ros2_ws/src/citylab_project/install/robot_patrol/share/robot_patrol//launch/start_test_service.launch.py
[0.135s] -- Installing: /home/user/ros2_ws/src/citylab_project/install/robot_patrol/share/robot_patrol//launch/start_patrolling.launch.py
[0.135s] -- Up-to-date: /home/user/ros2_ws/src/citylab_project/install/robot_patrol/share/robot_patrol/rviz
[0.136s] -- Installing: /home/user/ros2_ws/src/citylab_project/install/robot_patrol/share/robot_patrol/rviz/config.rviz
[0.136s] -- Up-to-date: /home/user/ros2_ws/src/citylab_project/install/robot_patrol/share/ament_index/resource_index/package_run_dependencies/robot_patrol
[0.136s] -- Up-to-date: /home/user/ros2_ws/src/citylab_project/install/robot_patrol/share/ament_index/resource_index/parent_prefix_path/robot_patrol
[0.136s] -- Installing: /home/user/ros2_ws/src/citylab_project/install/robot_patrol/share/robot_patrol/environment/ament_prefix_path.sh
[0.136s] -- Up-to-date: /home/user/ros2_ws/src/citylab_project/install/robot_patrol/share/robot_patrol/environment/ament_prefix_path.dsv
[0.136s] -- Installing: /home/user/ros2_ws/src/citylab_project/install/robot_patrol/share/robot_patrol/environment/path.sh
[0.136s] -- Up-to-date: /home/user/ros2_ws/src/citylab_project/install/robot_patrol/share/robot_patrol/environment/path.dsv
[0.137s] -- Up-to-date: /home/user/ros2_ws/src/citylab_project/install/robot_patrol/share/robot_patrol/local_setup.bash
[0.137s] -- Up-to-date: /home/user/ros2_ws/src/citylab_project/install/robot_patrol/share/robot_patrol/local_setup.sh
[0.137s] -- Up-to-date: /home/user/ros2_ws/src/citylab_project/install/robot_patrol/share/robot_patrol/local_setup.zsh
[0.137s] -- Up-to-date: /home/user/ros2_ws/src/citylab_project/install/robot_patrol/share/robot_patrol/local_setup.dsv
[0.137s] -- Up-to-date: /home/user/ros2_ws/src/citylab_project/install/robot_patrol/share/robot_patrol/package.dsv
[0.137s] -- Up-to-date: /home/user/ros2_ws/src/citylab_project/install/robot_patrol/share/ament_index/resource_index/packages/robot_patrol
[0.137s] -- Up-to-date: /home/user/ros2_ws/src/citylab_project/install/robot_patrol/share/robot_patrol/cmake/robot_patrolConfig.cmake
[0.137s] -- Up-to-date: /home/user/ros2_ws/src/citylab_project/install/robot_patrol/share/robot_patrol/cmake/robot_patrolConfig-version.cmake
[0.137s] -- Installing: /home/user/ros2_ws/src/citylab_project/install/robot_patrol/share/robot_patrol/package.xml
[0.139s] Invoked command in '/home/user/ros2_ws/src/citylab_project/build/robot_patrol' returned '0': CMAKE_PREFIX_PATH=${CMAKE_PREFIX_PATH}:/home/simulations/ros2_sims_ws/install/rclrs_tests:/home/simulations/ros2_sims_ws/install/examples_rclrs_minimal_client_service:/home/simulations/ros2_sims_ws/install/sensor_msgs_py:/home/simulations/ros2_sims_ws/install/examples_rclrs_minimal_pub_sub:/home/simulations/ros2_sims_ws/install/examples_rclrs_message_demo:/home/simulations/ros2_sims_ws/install/rclrs:/home/simulations/ros2_sims_ws/install/rosidl_runtime_rs:/opt/ros/humble:/home/simulations/ros2_sims_ws/install/robot_description _=/usr/bin/env /usr/bin/cmake --install /home/user/ros2_ws/src/citylab_project/build/robot_patrol
