[0.133s] DEBUG:colcon:Command line arguments: ['/usr/bin/colcon', 'build']
[0.134s] DEBUG:colcon:Parsed command line arguments: Namespace(log_base=None, log_level=None, verb_name='build', build_base='build', install_base='install', merge_install=False, symlink_install=False, test_result_base=None, continue_on_error=False, executor='parallel', parallel_workers=8, event_handlers=None, ignore_user_meta=False, metas=['./colcon.meta'], base_paths=['.'], packages_ignore=None, packages_ignore_regex=None, paths=None, packages_up_to=None, packages_up_to_regex=None, packages_above=None, packages_above_and_dependencies=None, packages_above_depth=None, packages_select_by_dep=None, packages_skip_by_dep=None, packages_skip_up_to=None, packages_select_build_failed=False, packages_skip_build_finished=False, packages_select_test_failures=False, packages_skip_test_passed=False, packages_select=None, packages_skip=None, packages_select_regex=None, packages_skip_regex=None, packages_start=None, packages_end=None, lookup_in_workspace=False, cargo_args=None, clean_build=False, cmake_args=None, cmake_target=None, cmake_target_skip_unavailable=False, cmake_clean_cache=False, cmake_clean_first=False, cmake_force_configure=False, ament_cmake_args=None, catkin_cmake_args=None, catkin_skip_building_tests=False, mixin_files=None, mixin=None, verb_parser=<colcon_mixin.mixin.mixin_argument.MixinArgumentDecorator object at 0x7fe89db04790>, verb_extension=<colcon_core.verb.build.BuildVerb object at 0x7fe89db04040>, main=<bound method BuildVerb.main of <colcon_core.verb.build.BuildVerb object at 0x7fe89db04040>>, mixin_verb=('build',))
[0.178s] Level 1:colcon.colcon_core.package_discovery:discover_packages(colcon_meta) check parameters
[0.178s] Level 1:colcon.colcon_core.package_discovery:discover_packages(recursive) check parameters
[0.178s] Level 1:colcon.colcon_core.package_discovery:discover_packages(ignore) check parameters
[0.178s] Level 1:colcon.colcon_core.package_discovery:discover_packages(path) check parameters
[0.178s] Level 1:colcon.colcon_core.package_discovery:discover_packages(colcon_meta) discover
[0.178s] Level 1:colcon.colcon_core.package_discovery:discover_packages(recursive) discover
[0.178s] INFO:colcon.colcon_core.package_discovery:Crawling recursively for packages in '/home/user/ros2_ws/src/citylab_project'
[0.178s] Level 1:colcon.colcon_core.package_identification:_identify(.) by extensions ['ignore', 'ignore_ament_install']
[0.178s] Level 1:colcon.colcon_core.package_identification:_identify(.) by extension 'ignore'
[0.179s] Level 1:colcon.colcon_core.package_identification:_identify(.) by extension 'ignore_ament_install'
[0.179s] Level 1:colcon.colcon_core.package_identification:_identify(.) by extensions ['colcon_pkg']
[0.179s] Level 1:colcon.colcon_core.package_identification:_identify(.) by extension 'colcon_pkg'
[0.179s] Level 1:colcon.colcon_core.package_identification:_identify(.) by extensions ['colcon_meta']
[0.179s] Level 1:colcon.colcon_core.package_identification:_identify(.) by extension 'colcon_meta'
[0.179s] Level 1:colcon.colcon_core.package_identification:_identify(.) by extensions ['ament_cargo']
[0.179s] Level 1:colcon.colcon_core.package_identification:_identify(.) by extension 'ament_cargo'
[0.179s] Level 1:colcon.colcon_core.package_identification:_identify(.) by extensions ['ros']
[0.179s] Level 1:colcon.colcon_core.package_identification:_identify(.) by extension 'ros'
[0.195s] Level 1:colcon.colcon_core.package_identification:_identify(.) by extensions ['cargo', 'cmake', 'python']
[0.195s] Level 1:colcon.colcon_core.package_identification:_identify(.) by extension 'cargo'
[0.195s] Level 1:colcon.colcon_core.package_identification:_identify(.) by extension 'cmake'
[0.195s] Level 1:colcon.colcon_core.package_identification:_identify(.) by extension 'python'
[0.195s] Level 1:colcon.colcon_core.package_identification:_identify(.) by extensions ['python_setup_py']
[0.195s] Level 1:colcon.colcon_core.package_identification:_identify(.) by extension 'python_setup_py'
[0.195s] Level 1:colcon.colcon_core.package_identification:_identify(build) by extensions ['ignore', 'ignore_ament_install']
[0.195s] Level 1:colcon.colcon_core.package_identification:_identify(build) by extension 'ignore'
[0.195s] Level 1:colcon.colcon_core.package_identification:_identify(build) ignored
[0.195s] Level 1:colcon.colcon_core.package_identification:_identify(custom_interfaces) by extensions ['ignore', 'ignore_ament_install']
[0.195s] Level 1:colcon.colcon_core.package_identification:_identify(custom_interfaces) by extension 'ignore'
[0.195s] Level 1:colcon.colcon_core.package_identification:_identify(custom_interfaces) by extension 'ignore_ament_install'
[0.195s] Level 1:colcon.colcon_core.package_identification:_identify(custom_interfaces) by extensions ['colcon_pkg']
[0.195s] Level 1:colcon.colcon_core.package_identification:_identify(custom_interfaces) by extension 'colcon_pkg'
[0.195s] Level 1:colcon.colcon_core.package_identification:_identify(custom_interfaces) by extensions ['colcon_meta']
[0.195s] Level 1:colcon.colcon_core.package_identification:_identify(custom_interfaces) by extension 'colcon_meta'
[0.195s] Level 1:colcon.colcon_core.package_identification:_identify(custom_interfaces) by extensions ['ament_cargo']
[0.196s] Level 1:colcon.colcon_core.package_identification:_identify(custom_interfaces) by extension 'ament_cargo'
[0.196s] Level 1:colcon.colcon_core.package_identification:_identify(custom_interfaces) by extensions ['ros']
[0.196s] Level 1:colcon.colcon_core.package_identification:_identify(custom_interfaces) by extension 'ros'
[0.198s] DEBUG:colcon.colcon_core.package_identification:Package 'custom_interfaces' with type 'ros.ament_cmake' and name 'custom_interfaces'
[0.198s] Level 1:colcon.colcon_core.package_identification:_identify(install) by extensions ['ignore', 'ignore_ament_install']
[0.198s] Level 1:colcon.colcon_core.package_identification:_identify(install) by extension 'ignore'
[0.198s] Level 1:colcon.colcon_core.package_identification:_identify(install) ignored
[0.198s] Level 1:colcon.colcon_core.package_identification:_identify(log) by extensions ['ignore', 'ignore_ament_install']
[0.199s] Level 1:colcon.colcon_core.package_identification:_identify(log) by extension 'ignore'
[0.199s] Level 1:colcon.colcon_core.package_identification:_identify(log) ignored
[0.199s] Level 1:colcon.colcon_core.package_identification:_identify(robot_patrol) by extensions ['ignore', 'ignore_ament_install']
[0.199s] Level 1:colcon.colcon_core.package_identification:_identify(robot_patrol) by extension 'ignore'
[0.199s] Level 1:colcon.colcon_core.package_identification:_identify(robot_patrol) by extension 'ignore_ament_install'
[0.199s] Level 1:colcon.colcon_core.package_identification:_identify(robot_patrol) by extensions ['colcon_pkg']
[0.199s] Level 1:colcon.colcon_core.package_identification:_identify(robot_patrol) by extension 'colcon_pkg'
[0.199s] Level 1:colcon.colcon_core.package_identification:_identify(robot_patrol) by extensions ['colcon_meta']
[0.199s] Level 1:colcon.colcon_core.package_identification:_identify(robot_patrol) by extension 'colcon_meta'
[0.199s] Level 1:colcon.colcon_core.package_identification:_identify(robot_patrol) by extensions ['ament_cargo']
[0.199s] Level 1:colcon.colcon_core.package_identification:_identify(robot_patrol) by extension 'ament_cargo'
[0.199s] Level 1:colcon.colcon_core.package_identification:_identify(robot_patrol) by extensions ['ros']
[0.199s] Level 1:colcon.colcon_core.package_identification:_identify(robot_patrol) by extension 'ros'
[0.200s] DEBUG:colcon.colcon_core.package_identification:Package 'robot_patrol' with type 'ros.ament_cmake' and name 'robot_patrol'
[0.200s] Level 1:colcon.colcon_core.package_discovery:discover_packages(recursive) using defaults
[0.200s] Level 1:colcon.colcon_core.package_discovery:discover_packages(ignore) discover
[0.200s] Level 1:colcon.colcon_core.package_discovery:discover_packages(ignore) using defaults
[0.200s] Level 1:colcon.colcon_core.package_discovery:discover_packages(path) discover
[0.200s] Level 1:colcon.colcon_core.package_discovery:discover_packages(path) using defaults
[0.223s] Level 5:colcon.colcon_core.verb:set package 'custom_interfaces' build argument 'lookup_in_workspace' from command line to 'False'
[0.223s] Level 5:colcon.colcon_core.verb:set package 'custom_interfaces' build argument 'cargo_args' from command line to 'None'
[0.223s] Level 5:colcon.colcon_core.verb:set package 'custom_interfaces' build argument 'clean_build' from command line to 'False'
[0.223s] Level 5:colcon.colcon_core.verb:set package 'custom_interfaces' build argument 'cmake_args' from command line to 'None'
[0.223s] Level 5:colcon.colcon_core.verb:set package 'custom_interfaces' build argument 'cmake_target' from command line to 'None'
[0.223s] Level 5:colcon.colcon_core.verb:set package 'custom_interfaces' build argument 'cmake_target_skip_unavailable' from command line to 'False'
[0.223s] Level 5:colcon.colcon_core.verb:set package 'custom_interfaces' build argument 'cmake_clean_cache' from command line to 'False'
[0.223s] Level 5:colcon.colcon_core.verb:set package 'custom_interfaces' build argument 'cmake_clean_first' from command line to 'False'
[0.223s] Level 5:colcon.colcon_core.verb:set package 'custom_interfaces' build argument 'cmake_force_configure' from command line to 'False'
[0.223s] Level 5:colcon.colcon_core.verb:set package 'custom_interfaces' build argument 'ament_cmake_args' from command line to 'None'
[0.223s] Level 5:colcon.colcon_core.verb:set package 'custom_interfaces' build argument 'catkin_cmake_args' from command line to 'None'
[0.223s] Level 5:colcon.colcon_core.verb:set package 'custom_interfaces' build argument 'catkin_skip_building_tests' from command line to 'False'
[0.223s] DEBUG:colcon.colcon_core.verb:Building package 'custom_interfaces' with the following arguments: {'ament_cmake_args': None, 'build_base': '/home/user/ros2_ws/src/citylab_project/build/custom_interfaces', 'cargo_args': None, 'catkin_cmake_args': None, 'catkin_skip_building_tests': False, 'clean_build': False, 'cmake_args': None, 'cmake_clean_cache': False, 'cmake_clean_first': False, 'cmake_force_configure': False, 'cmake_target': None, 'cmake_target_skip_unavailable': False, 'install_base': '/home/user/ros2_ws/src/citylab_project/install/custom_interfaces', 'lookup_in_workspace': False, 'merge_install': False, 'path': '/home/user/ros2_ws/src/citylab_project/custom_interfaces', 'symlink_install': False, 'test_result_base': None}
[0.223s] Level 5:colcon.colcon_core.verb:set package 'robot_patrol' build argument 'lookup_in_workspace' from command line to 'False'
[0.223s] Level 5:colcon.colcon_core.verb:set package 'robot_patrol' build argument 'cargo_args' from command line to 'None'
[0.223s] Level 5:colcon.colcon_core.verb:set package 'robot_patrol' build argument 'clean_build' from command line to 'False'
[0.223s] Level 5:colcon.colcon_core.verb:set package 'robot_patrol' build argument 'cmake_args' from command line to 'None'
[0.223s] Level 5:colcon.colcon_core.verb:set package 'robot_patrol' build argument 'cmake_target' from command line to 'None'
[0.224s] Level 5:colcon.colcon_core.verb:set package 'robot_patrol' build argument 'cmake_target_skip_unavailable' from command line to 'False'
[0.224s] Level 5:colcon.colcon_core.verb:set package 'robot_patrol' build argument 'cmake_clean_cache' from command line to 'False'
[0.224s] Level 5:colcon.colcon_core.verb:set package 'robot_patrol' build argument 'cmake_clean_first' from command line to 'False'
[0.224s] Level 5:colcon.colcon_core.verb:set package 'robot_patrol' build argument 'cmake_force_configure' from command line to 'False'
[0.224s] Level 5:colcon.colcon_core.verb:set package 'robot_patrol' build argument 'ament_cmake_args' from command line to 'None'
[0.224s] Level 5:colcon.colcon_core.verb:set package 'robot_patrol' build argument 'catkin_cmake_args' from command line to 'None'
[0.224s] Level 5:colcon.colcon_core.verb:set package 'robot_patrol' build argument 'catkin_skip_building_tests' from command line to 'False'
[0.224s] DEBUG:colcon.colcon_core.verb:Building package 'robot_patrol' with the following arguments: {'ament_cmake_args': None, 'build_base': '/home/user/ros2_ws/src/citylab_project/build/robot_patrol', 'cargo_args': None, 'catkin_cmake_args': None, 'catkin_skip_building_tests': False, 'clean_build': False, 'cmake_args': None, 'cmake_clean_cache': False, 'cmake_clean_first': False, 'cmake_force_configure': False, 'cmake_target': None, 'cmake_target_skip_unavailable': False, 'install_base': '/home/user/ros2_ws/src/citylab_project/install/robot_patrol', 'lookup_in_workspace': False, 'merge_install': False, 'path': '/home/user/ros2_ws/src/citylab_project/robot_patrol', 'symlink_install': False, 'test_result_base': None}
[0.224s] INFO:colcon.colcon_core.executor:Executing jobs using 'parallel' executor
[0.225s] DEBUG:colcon.colcon_parallel_executor.executor.parallel:run_until_complete
[0.225s] INFO:colcon.colcon_ros.task.ament_cmake.build:Building ROS package in '/home/user/ros2_ws/src/citylab_project/custom_interfaces' with build type 'ament_cmake'
[0.225s] INFO:colcon.colcon_cmake.task.cmake.build:Building CMake package in '/home/user/ros2_ws/src/citylab_project/custom_interfaces'
[0.228s] INFO:colcon.colcon_core.plugin_system:Skipping extension 'colcon_core.shell.bat': Not used on non-Windows systems
[0.228s] INFO:colcon.colcon_core.shell:Skip shell extension 'powershell' for command environment: Not usable outside of PowerShell
[0.228s] DEBUG:colcon.colcon_core.shell:Skip shell extension 'dsv' for command environment
[0.237s] INFO:colcon.colcon_ros.task.ament_cmake.build:Building ROS package in '/home/user/ros2_ws/src/citylab_project/robot_patrol' with build type 'ament_cmake'
[0.237s] INFO:colcon.colcon_cmake.task.cmake.build:Building CMake package in '/home/user/ros2_ws/src/citylab_project/robot_patrol'
[0.237s] INFO:colcon.colcon_core.shell:Skip shell extension 'powershell' for command environment: Not usable outside of PowerShell
[0.237s] DEBUG:colcon.colcon_core.shell:Skip shell extension 'dsv' for command environment
[0.247s] DEBUG:colcon.colcon_core.event_handler.log_command:Invoking command in '/home/user/ros2_ws/src/citylab_project/build/custom_interfaces': CMAKE_PREFIX_PATH=${CMAKE_PREFIX_PATH}:/home/simulations/ros2_sims_ws/install/rclrs_tests:/home/simulations/ros2_sims_ws/install/examples_rclrs_minimal_client_service:/home/simulations/ros2_sims_ws/install/sensor_msgs_py:/home/simulations/ros2_sims_ws/install/examples_rclrs_minimal_pub_sub:/home/simulations/ros2_sims_ws/install/examples_rclrs_message_demo:/home/simulations/ros2_sims_ws/install/rclrs:/home/simulations/ros2_sims_ws/install/rosidl_runtime_rs:/opt/ros/humble:/home/simulations/ros2_sims_ws/install/robot_description _=/usr/bin/env /usr/bin/cmake /home/user/ros2_ws/src/citylab_project/custom_interfaces -DCMAKE_INSTALL_PREFIX=/home/user/ros2_ws/src/citylab_project/install/custom_interfaces
[0.253s] DEBUG:colcon.colcon_core.event_handler.log_command:Invoking command in '/home/user/ros2_ws/src/citylab_project/build/robot_patrol': CMAKE_PREFIX_PATH=${CMAKE_PREFIX_PATH}:/home/simulations/ros2_sims_ws/install/rclrs_tests:/home/simulations/ros2_sims_ws/install/examples_rclrs_minimal_client_service:/home/simulations/ros2_sims_ws/install/sensor_msgs_py:/home/simulations/ros2_sims_ws/install/examples_rclrs_minimal_pub_sub:/home/simulations/ros2_sims_ws/install/examples_rclrs_message_demo:/home/simulations/ros2_sims_ws/install/rclrs:/home/simulations/ros2_sims_ws/install/rosidl_runtime_rs:/opt/ros/humble:/home/simulations/ros2_sims_ws/install/robot_description _=/usr/bin/env /usr/bin/cmake --build /home/user/ros2_ws/src/citylab_project/build/robot_patrol -- -j8 -l8
[0.350s] DEBUG:colcon.colcon_core.event_handler.log_command:Invoked command in '/home/user/ros2_ws/src/citylab_project/build/robot_patrol' returned '0': CMAKE_PREFIX_PATH=${CMAKE_PREFIX_PATH}:/home/simulations/ros2_sims_ws/install/rclrs_tests:/home/simulations/ros2_sims_ws/install/examples_rclrs_minimal_client_service:/home/simulations/ros2_sims_ws/install/sensor_msgs_py:/home/simulations/ros2_sims_ws/install/examples_rclrs_minimal_pub_sub:/home/simulations/ros2_sims_ws/install/examples_rclrs_message_demo:/home/simulations/ros2_sims_ws/install/rclrs:/home/simulations/ros2_sims_ws/install/rosidl_runtime_rs:/opt/ros/humble:/home/simulations/ros2_sims_ws/install/robot_description _=/usr/bin/env /usr/bin/cmake --build /home/user/ros2_ws/src/citylab_project/build/robot_patrol -- -j8 -l8
[0.361s] DEBUG:colcon.colcon_core.event_handler.log_command:Invoking command in '/home/user/ros2_ws/src/citylab_project/build/robot_patrol': CMAKE_PREFIX_PATH=${CMAKE_PREFIX_PATH}:/home/simulations/ros2_sims_ws/install/rclrs_tests:/home/simulations/ros2_sims_ws/install/examples_rclrs_minimal_client_service:/home/simulations/ros2_sims_ws/install/sensor_msgs_py:/home/simulations/ros2_sims_ws/install/examples_rclrs_minimal_pub_sub:/home/simulations/ros2_sims_ws/install/examples_rclrs_message_demo:/home/simulations/ros2_sims_ws/install/rclrs:/home/simulations/ros2_sims_ws/install/rosidl_runtime_rs:/opt/ros/humble:/home/simulations/ros2_sims_ws/install/robot_description _=/usr/bin/env /usr/bin/cmake --install /home/user/ros2_ws/src/citylab_project/build/robot_patrol
[0.375s] Level 1:colcon.colcon_core.environment:create_environment_scripts_only(robot_patrol)
[0.376s] DEBUG:colcon.colcon_core.event_handler.log_command:Invoked command in '/home/user/ros2_ws/src/citylab_project/build/robot_patrol' returned '0': CMAKE_PREFIX_PATH=${CMAKE_PREFIX_PATH}:/home/simulations/ros2_sims_ws/install/rclrs_tests:/home/simulations/ros2_sims_ws/install/examples_rclrs_minimal_client_service:/home/simulations/ros2_sims_ws/install/sensor_msgs_py:/home/simulations/ros2_sims_ws/install/examples_rclrs_minimal_pub_sub:/home/simulations/ros2_sims_ws/install/examples_rclrs_message_demo:/home/simulations/ros2_sims_ws/install/rclrs:/home/simulations/ros2_sims_ws/install/rosidl_runtime_rs:/opt/ros/humble:/home/simulations/ros2_sims_ws/install/robot_description _=/usr/bin/env /usr/bin/cmake --install /home/user/ros2_ws/src/citylab_project/build/robot_patrol
[0.379s] Level 1:colcon.colcon_core.environment:checking '/home/user/ros2_ws/src/citylab_project/install/robot_patrol' for CMake module files
[0.380s] Level 1:colcon.colcon_core.environment:checking '/home/user/ros2_ws/src/citylab_project/install/robot_patrol' for CMake config files
[0.380s] Level 1:colcon.colcon_core.shell:create_environment_hook('robot_patrol', 'cmake_prefix_path')
[0.381s] INFO:colcon.colcon_core.shell:Creating environment hook '/home/user/ros2_ws/src/citylab_project/install/robot_patrol/share/robot_patrol/hook/cmake_prefix_path.ps1'
[0.381s] INFO:colcon.colcon_core.shell:Creating environment descriptor '/home/user/ros2_ws/src/citylab_project/install/robot_patrol/share/robot_patrol/hook/cmake_prefix_path.dsv'
[0.382s] INFO:colcon.colcon_core.shell:Creating environment hook '/home/user/ros2_ws/src/citylab_project/install/robot_patrol/share/robot_patrol/hook/cmake_prefix_path.sh'
[0.383s] Level 1:colcon.colcon_core.environment:checking '/home/user/ros2_ws/src/citylab_project/install/robot_patrol/lib'
[0.384s] Level 1:colcon.colcon_core.environment:checking '/home/user/ros2_ws/src/citylab_project/install/robot_patrol/bin'
[0.384s] Level 1:colcon.colcon_core.environment:checking '/home/user/ros2_ws/src/citylab_project/install/robot_patrol/lib/pkgconfig/robot_patrol.pc'
[0.385s] Level 1:colcon.colcon_core.environment:checking '/home/user/ros2_ws/src/citylab_project/install/robot_patrol/lib/python3.10/site-packages'
[0.386s] Level 1:colcon.colcon_core.environment:checking '/home/user/ros2_ws/src/citylab_project/install/robot_patrol/bin'
[0.386s] INFO:colcon.colcon_core.shell:Creating package script '/home/user/ros2_ws/src/citylab_project/install/robot_patrol/share/robot_patrol/package.ps1'
[0.387s] INFO:colcon.colcon_core.shell:Creating package descriptor '/home/user/ros2_ws/src/citylab_project/install/robot_patrol/share/robot_patrol/package.dsv'
[0.388s] INFO:colcon.colcon_core.shell:Creating package script '/home/user/ros2_ws/src/citylab_project/install/robot_patrol/share/robot_patrol/package.sh'
[0.389s] INFO:colcon.colcon_core.shell:Creating package script '/home/user/ros2_ws/src/citylab_project/install/robot_patrol/share/robot_patrol/package.bash'
[0.391s] INFO:colcon.colcon_core.shell:Creating package script '/home/user/ros2_ws/src/citylab_project/install/robot_patrol/share/robot_patrol/package.zsh'
[0.392s] Level 1:colcon.colcon_core.environment:create_file_with_runtime_dependencies(/home/user/ros2_ws/src/citylab_project/install/robot_patrol/share/colcon-core/packages/robot_patrol)
[0.392s] Level 1:colcon.colcon_core.environment:create_environment_scripts_only(robot_patrol)
[0.393s] Level 1:colcon.colcon_core.environment:checking '/home/user/ros2_ws/src/citylab_project/install/robot_patrol' for CMake module files
[0.393s] Level 1:colcon.colcon_core.environment:checking '/home/user/ros2_ws/src/citylab_project/install/robot_patrol' for CMake config files
[0.394s] Level 1:colcon.colcon_core.shell:create_environment_hook('robot_patrol', 'cmake_prefix_path')
[0.394s] INFO:colcon.colcon_core.shell:Creating environment hook '/home/user/ros2_ws/src/citylab_project/install/robot_patrol/share/robot_patrol/hook/cmake_prefix_path.ps1'
[0.395s] INFO:colcon.colcon_core.shell:Creating environment descriptor '/home/user/ros2_ws/src/citylab_project/install/robot_patrol/share/robot_patrol/hook/cmake_prefix_path.dsv'
[0.395s] INFO:colcon.colcon_core.shell:Creating environment hook '/home/user/ros2_ws/src/citylab_project/install/robot_patrol/share/robot_patrol/hook/cmake_prefix_path.sh'
[0.396s] Level 1:colcon.colcon_core.environment:checking '/home/user/ros2_ws/src/citylab_project/install/robot_patrol/lib'
[0.396s] Level 1:colcon.colcon_core.environment:checking '/home/user/ros2_ws/src/citylab_project/install/robot_patrol/bin'
[0.396s] Level 1:colcon.colcon_core.environment:checking '/home/user/ros2_ws/src/citylab_project/install/robot_patrol/lib/pkgconfig/robot_patrol.pc'
[0.396s] Level 1:colcon.colcon_core.environment:checking '/home/user/ros2_ws/src/citylab_project/install/robot_patrol/lib/python3.10/site-packages'
[0.397s] Level 1:colcon.colcon_core.environment:checking '/home/user/ros2_ws/src/citylab_project/install/robot_patrol/bin'
[0.397s] INFO:colcon.colcon_core.shell:Creating package script '/home/user/ros2_ws/src/citylab_project/install/robot_patrol/share/robot_patrol/package.ps1'
[0.398s] INFO:colcon.colcon_core.shell:Creating package descriptor '/home/user/ros2_ws/src/citylab_project/install/robot_patrol/share/robot_patrol/package.dsv'
[0.398s] INFO:colcon.colcon_core.shell:Creating package script '/home/user/ros2_ws/src/citylab_project/install/robot_patrol/share/robot_patrol/package.sh'
[0.399s] INFO:colcon.colcon_core.shell:Creating package script '/home/user/ros2_ws/src/citylab_project/install/robot_patrol/share/robot_patrol/package.bash'
[0.399s] INFO:colcon.colcon_core.shell:Creating package script '/home/user/ros2_ws/src/citylab_project/install/robot_patrol/share/robot_patrol/package.zsh'
[0.401s] Level 1:colcon.colcon_core.environment:create_file_with_runtime_dependencies(/home/user/ros2_ws/src/citylab_project/install/robot_patrol/share/colcon-core/packages/robot_patrol)
[4.930s] DEBUG:colcon.colcon_core.event_handler.log_command:Invoked command in '/home/user/ros2_ws/src/citylab_project/build/custom_interfaces' returned '0': CMAKE_PREFIX_PATH=${CMAKE_PREFIX_PATH}:/home/simulations/ros2_sims_ws/install/rclrs_tests:/home/simulations/ros2_sims_ws/install/examples_rclrs_minimal_client_service:/home/simulations/ros2_sims_ws/install/sensor_msgs_py:/home/simulations/ros2_sims_ws/install/examples_rclrs_minimal_pub_sub:/home/simulations/ros2_sims_ws/install/examples_rclrs_message_demo:/home/simulations/ros2_sims_ws/install/rclrs:/home/simulations/ros2_sims_ws/install/rosidl_runtime_rs:/opt/ros/humble:/home/simulations/ros2_sims_ws/install/robot_description _=/usr/bin/env /usr/bin/cmake /home/user/ros2_ws/src/citylab_project/custom_interfaces -DCMAKE_INSTALL_PREFIX=/home/user/ros2_ws/src/citylab_project/install/custom_interfaces
[4.931s] DEBUG:colcon.colcon_core.event_handler.log_command:Invoking command in '/home/user/ros2_ws/src/citylab_project/build/custom_interfaces': CMAKE_PREFIX_PATH=${CMAKE_PREFIX_PATH}:/home/simulations/ros2_sims_ws/install/rclrs_tests:/home/simulations/ros2_sims_ws/install/examples_rclrs_minimal_client_service:/home/simulations/ros2_sims_ws/install/sensor_msgs_py:/home/simulations/ros2_sims_ws/install/examples_rclrs_minimal_pub_sub:/home/simulations/ros2_sims_ws/install/examples_rclrs_message_demo:/home/simulations/ros2_sims_ws/install/rclrs:/home/simulations/ros2_sims_ws/install/rosidl_runtime_rs:/opt/ros/humble:/home/simulations/ros2_sims_ws/install/robot_description _=/usr/bin/env /usr/bin/cmake --build /home/user/ros2_ws/src/citylab_project/build/custom_interfaces -- -j8 -l8
[9.105s] DEBUG:colcon.colcon_core.event_handler.log_command:Invoked command in '/home/user/ros2_ws/src/citylab_project/build/custom_interfaces' returned '0': CMAKE_PREFIX_PATH=${CMAKE_PREFIX_PATH}:/home/simulations/ros2_sims_ws/install/rclrs_tests:/home/simulations/ros2_sims_ws/install/examples_rclrs_minimal_client_service:/home/simulations/ros2_sims_ws/install/sensor_msgs_py:/home/simulations/ros2_sims_ws/install/examples_rclrs_minimal_pub_sub:/home/simulations/ros2_sims_ws/install/examples_rclrs_message_demo:/home/simulations/ros2_sims_ws/install/rclrs:/home/simulations/ros2_sims_ws/install/rosidl_runtime_rs:/opt/ros/humble:/home/simulations/ros2_sims_ws/install/robot_description _=/usr/bin/env /usr/bin/cmake --build /home/user/ros2_ws/src/citylab_project/build/custom_interfaces -- -j8 -l8
[9.107s] DEBUG:colcon.colcon_core.event_handler.log_command:Invoking command in '/home/user/ros2_ws/src/citylab_project/build/custom_interfaces': CMAKE_PREFIX_PATH=${CMAKE_PREFIX_PATH}:/home/simulations/ros2_sims_ws/install/rclrs_tests:/home/simulations/ros2_sims_ws/install/examples_rclrs_minimal_client_service:/home/simulations/ros2_sims_ws/install/sensor_msgs_py:/home/simulations/ros2_sims_ws/install/examples_rclrs_minimal_pub_sub:/home/simulations/ros2_sims_ws/install/examples_rclrs_message_demo:/home/simulations/ros2_sims_ws/install/rclrs:/home/simulations/ros2_sims_ws/install/rosidl_runtime_rs:/opt/ros/humble:/home/simulations/ros2_sims_ws/install/robot_description _=/usr/bin/env /usr/bin/cmake --install /home/user/ros2_ws/src/citylab_project/build/custom_interfaces
[9.214s] Level 1:colcon.colcon_core.environment:create_environment_scripts_only(custom_interfaces)
[9.214s] Level 1:colcon.colcon_core.environment:checking '/home/user/ros2_ws/src/citylab_project/install/custom_interfaces' for CMake module files
[9.215s] DEBUG:colcon.colcon_core.event_handler.log_command:Invoked command in '/home/user/ros2_ws/src/citylab_project/build/custom_interfaces' returned '0': CMAKE_PREFIX_PATH=${CMAKE_PREFIX_PATH}:/home/simulations/ros2_sims_ws/install/rclrs_tests:/home/simulations/ros2_sims_ws/install/examples_rclrs_minimal_client_service:/home/simulations/ros2_sims_ws/install/sensor_msgs_py:/home/simulations/ros2_sims_ws/install/examples_rclrs_minimal_pub_sub:/home/simulations/ros2_sims_ws/install/examples_rclrs_message_demo:/home/simulations/ros2_sims_ws/install/rclrs:/home/simulations/ros2_sims_ws/install/rosidl_runtime_rs:/opt/ros/humble:/home/simulations/ros2_sims_ws/install/robot_description _=/usr/bin/env /usr/bin/cmake --install /home/user/ros2_ws/src/citylab_project/build/custom_interfaces
[9.215s] Level 1:colcon.colcon_core.environment:checking '/home/user/ros2_ws/src/citylab_project/install/custom_interfaces' for CMake config files
[9.216s] Level 1:colcon.colcon_core.shell:create_environment_hook('custom_interfaces', 'cmake_prefix_path')
[9.216s] INFO:colcon.colcon_core.shell:Creating environment hook '/home/user/ros2_ws/src/citylab_project/install/custom_interfaces/share/custom_interfaces/hook/cmake_prefix_path.ps1'
[9.217s] INFO:colcon.colcon_core.shell:Creating environment descriptor '/home/user/ros2_ws/src/citylab_project/install/custom_interfaces/share/custom_interfaces/hook/cmake_prefix_path.dsv'
[9.218s] INFO:colcon.colcon_core.shell:Creating environment hook '/home/user/ros2_ws/src/citylab_project/install/custom_interfaces/share/custom_interfaces/hook/cmake_prefix_path.sh'
[9.218s] Level 1:colcon.colcon_core.environment:checking '/home/user/ros2_ws/src/citylab_project/install/custom_interfaces/lib'
[9.218s] Level 1:colcon.colcon_core.shell:create_environment_hook('custom_interfaces', 'ld_library_path_lib')
[9.218s] INFO:colcon.colcon_core.shell:Creating environment hook '/home/user/ros2_ws/src/citylab_project/install/custom_interfaces/share/custom_interfaces/hook/ld_library_path_lib.ps1'
[9.219s] INFO:colcon.colcon_core.shell:Creating environment descriptor '/home/user/ros2_ws/src/citylab_project/install/custom_interfaces/share/custom_interfaces/hook/ld_library_path_lib.dsv'
[9.219s] INFO:colcon.colcon_core.shell:Creating environment hook '/home/user/ros2_ws/src/citylab_project/install/custom_interfaces/share/custom_interfaces/hook/ld_library_path_lib.sh'
[9.219s] Level 1:colcon.colcon_core.environment:checking '/home/user/ros2_ws/src/citylab_project/install/custom_interfaces/bin'
[9.219s] Level 1:colcon.colcon_core.environment:checking '/home/user/ros2_ws/src/citylab_project/install/custom_interfaces/lib/pkgconfig/custom_interfaces.pc'
[9.220s] Level 1:colcon.colcon_core.environment:checking '/home/user/ros2_ws/src/citylab_project/install/custom_interfaces/lib/python3.10/site-packages'
[9.220s] Level 1:colcon.colcon_core.environment:checking '/home/user/ros2_ws/src/citylab_project/install/custom_interfaces/bin'
[9.220s] INFO:colcon.colcon_core.shell:Creating package script '/home/user/ros2_ws/src/citylab_project/install/custom_interfaces/share/custom_interfaces/package.ps1'
[9.221s] INFO:colcon.colcon_core.shell:Creating package descriptor '/home/user/ros2_ws/src/citylab_project/install/custom_interfaces/share/custom_interfaces/package.dsv'
[9.221s] INFO:colcon.colcon_core.shell:Creating package script '/home/user/ros2_ws/src/citylab_project/install/custom_interfaces/share/custom_interfaces/package.sh'
[9.221s] INFO:colcon.colcon_core.shell:Creating package script '/home/user/ros2_ws/src/citylab_project/install/custom_interfaces/share/custom_interfaces/package.bash'
[9.222s] INFO:colcon.colcon_core.shell:Creating package script '/home/user/ros2_ws/src/citylab_project/install/custom_interfaces/share/custom_interfaces/package.zsh'
[9.222s] Level 1:colcon.colcon_core.environment:create_file_with_runtime_dependencies(/home/user/ros2_ws/src/citylab_project/install/custom_interfaces/share/colcon-core/packages/custom_interfaces)
[9.223s] Level 1:colcon.colcon_core.environment:create_environment_scripts_only(custom_interfaces)
[9.223s] Level 1:colcon.colcon_core.environment:checking '/home/user/ros2_ws/src/citylab_project/install/custom_interfaces' for CMake module files
[9.223s] Level 1:colcon.colcon_core.environment:checking '/home/user/ros2_ws/src/citylab_project/install/custom_interfaces' for CMake config files
[9.224s] Level 1:colcon.colcon_core.shell:create_environment_hook('custom_interfaces', 'cmake_prefix_path')
[9.224s] INFO:colcon.colcon_core.shell:Creating environment hook '/home/user/ros2_ws/src/citylab_project/install/custom_interfaces/share/custom_interfaces/hook/cmake_prefix_path.ps1'
[9.225s] INFO:colcon.colcon_core.shell:Creating environment descriptor '/home/user/ros2_ws/src/citylab_project/install/custom_interfaces/share/custom_interfaces/hook/cmake_prefix_path.dsv'
[9.225s] INFO:colcon.colcon_core.shell:Creating environment hook '/home/user/ros2_ws/src/citylab_project/install/custom_interfaces/share/custom_interfaces/hook/cmake_prefix_path.sh'
[9.226s] Level 1:colcon.colcon_core.environment:checking '/home/user/ros2_ws/src/citylab_project/install/custom_interfaces/lib'
[9.226s] Level 1:colcon.colcon_core.shell:create_environment_hook('custom_interfaces', 'ld_library_path_lib')
[9.226s] INFO:colcon.colcon_core.shell:Creating environment hook '/home/user/ros2_ws/src/citylab_project/install/custom_interfaces/share/custom_interfaces/hook/ld_library_path_lib.ps1'
[9.226s] INFO:colcon.colcon_core.shell:Creating environment descriptor '/home/user/ros2_ws/src/citylab_project/install/custom_interfaces/share/custom_interfaces/hook/ld_library_path_lib.dsv'
[9.227s] INFO:colcon.colcon_core.shell:Creating environment hook '/home/user/ros2_ws/src/citylab_project/install/custom_interfaces/share/custom_interfaces/hook/ld_library_path_lib.sh'
[9.227s] Level 1:colcon.colcon_core.environment:checking '/home/user/ros2_ws/src/citylab_project/install/custom_interfaces/bin'
[9.227s] Level 1:colcon.colcon_core.environment:checking '/home/user/ros2_ws/src/citylab_project/install/custom_interfaces/lib/pkgconfig/custom_interfaces.pc'
[9.227s] Level 1:colcon.colcon_core.environment:checking '/home/user/ros2_ws/src/citylab_project/install/custom_interfaces/lib/python3.10/site-packages'
[9.227s] Level 1:colcon.colcon_core.environment:checking '/home/user/ros2_ws/src/citylab_project/install/custom_interfaces/bin'
[9.228s] INFO:colcon.colcon_core.shell:Creating package script '/home/user/ros2_ws/src/citylab_project/install/custom_interfaces/share/custom_interfaces/package.ps1'
[9.228s] INFO:colcon.colcon_core.shell:Creating package descriptor '/home/user/ros2_ws/src/citylab_project/install/custom_interfaces/share/custom_interfaces/package.dsv'
[9.229s] INFO:colcon.colcon_core.shell:Creating package script '/home/user/ros2_ws/src/citylab_project/install/custom_interfaces/share/custom_interfaces/package.sh'
[9.229s] INFO:colcon.colcon_core.shell:Creating package script '/home/user/ros2_ws/src/citylab_project/install/custom_interfaces/share/custom_interfaces/package.bash'
[9.230s] INFO:colcon.colcon_core.shell:Creating package script '/home/user/ros2_ws/src/citylab_project/install/custom_interfaces/share/custom_interfaces/package.zsh'
[9.230s] Level 1:colcon.colcon_core.environment:create_file_with_runtime_dependencies(/home/user/ros2_ws/src/citylab_project/install/custom_interfaces/share/colcon-core/packages/custom_interfaces)
[9.230s] DEBUG:colcon.colcon_parallel_executor.executor.parallel:closing loop
[9.231s] DEBUG:colcon.colcon_parallel_executor.executor.parallel:loop closed
[9.231s] DEBUG:colcon.colcon_parallel_executor.executor.parallel:run_until_complete finished with '0'
[9.231s] DEBUG:colcon.colcon_core.event_reactor:joining thread
[9.238s] INFO:colcon.colcon_core.plugin_system:Skipping extension 'colcon_notification.desktop_notification.notify_send': Could not find 'notify-send'
[9.238s] INFO:colcon.colcon_core.plugin_system:Skipping extension 'colcon_notification.desktop_notification.terminal_notifier': Not used on non-Darwin systems
[9.238s] INFO:colcon.colcon_core.plugin_system:Skipping extension 'colcon_notification.desktop_notification.win32': Not used on non-Windows systems
[9.238s] INFO:colcon.colcon_notification.desktop_notification:Sending desktop notification using 'notify2'
[9.240s] DEBUG:colcon.colcon_notification.desktop_notification.notify2:Failed to initialize notify2: org.freedesktop.DBus.Error.Spawn.ExecFailed: /usr/bin/dbus-launch terminated abnormally without any error message
[9.240s] DEBUG:colcon.colcon_core.event_reactor:joined thread
[9.241s] INFO:colcon.colcon_core.shell:Creating prefix script '/home/user/ros2_ws/src/citylab_project/install/local_setup.ps1'
[9.242s] INFO:colcon.colcon_core.shell:Creating prefix util module '/home/user/ros2_ws/src/citylab_project/install/_local_setup_util_ps1.py'
[9.243s] INFO:colcon.colcon_core.shell:Creating prefix chain script '/home/user/ros2_ws/src/citylab_project/install/setup.ps1'
[9.246s] INFO:colcon.colcon_core.shell:Creating prefix script '/home/user/ros2_ws/src/citylab_project/install/local_setup.sh'
[9.246s] INFO:colcon.colcon_core.shell:Creating prefix util module '/home/user/ros2_ws/src/citylab_project/install/_local_setup_util_sh.py'
[9.247s] INFO:colcon.colcon_core.shell:Creating prefix chain script '/home/user/ros2_ws/src/citylab_project/install/setup.sh'
[9.250s] INFO:colcon.colcon_core.shell:Creating prefix script '/home/user/ros2_ws/src/citylab_project/install/local_setup.bash'
[9.250s] INFO:colcon.colcon_core.shell:Creating prefix chain script '/home/user/ros2_ws/src/citylab_project/install/setup.bash'
[9.253s] INFO:colcon.colcon_core.shell:Creating prefix script '/home/user/ros2_ws/src/citylab_project/install/local_setup.zsh'
[9.253s] INFO:colcon.colcon_core.shell:Creating prefix chain script '/home/user/ros2_ws/src/citylab_project/install/setup.zsh'
